<?xml version="1.0" encoding="UTF-8"?>
<!-- Generated by org.testng.reporters.JUnitReportReporter -->
<testsuite skipped="0" hostname="DESKTOP-89OTHQ5" name="com.testcases.DemoTest" tests="1" failures="0" timestamp="01 May 2021 03:52:30 GMT" time="23.186" errors="0">
  <testcase name="test01" time="23.186" classname="com.testcases.DemoTest"/>
</testsuite> <!-- com.testcases.DemoTest -->
